#
# A fatal error has been detected by the Java Runtime Environment:
#
#  EXCEPTION_ACCESS_VIOLATION (0xc0000005) at pc=0x000000006636a3c5, pid=18220, tid=8496
#
# JRE version: Java(TM) SE Runtime Environment (8.0_25-b18) (build 1.8.0_25-b18)
# Java VM: Java HotSpot(TM) 64-Bit Server VM (25.25-b02 mixed mode windows-amd64 compressed oops)
# Problematic frame:
# V  [jvm.dll+0x11a3c5]
#
# Failed to write core dump. Minidumps are not enabled by default on client versions of Windows
#
# If you would like to submit a bug report, please visit:
#   http://bugreport.sun.com/bugreport/crash.jsp
#

---------------  T H R E A D  ---------------

Current thread (0x000000001e565800):  JavaThread "JDWP Transport Listener: dt_socket" daemon [_thread_in_vm, id=8496, stack(0x000000001ead0000,0x000000001ebd0000)]

siginfo: ExceptionCode=0xc0000005, reading address 0x0000000000000008

Registers:
RAX=0x000000001ebcf501, RBX=0x000000001e565800, RCX=0x0000000000000008, RDX=0x0000000000000000
RSP=0x000000001ebcf510, RBP=0x0000000000000008, RSI=0x000000001ebcf628, RDI=0x0000000002a183d0
R8 =0x000000001e565800, R9 =0x0000000000000001, R10=0x0000000000008000, R11=0x000000001ebcf460
R12=0x0000000000000000, R13=0x000000001e56bf18, R14=0x0000000000000000, R15=0x0000000000000000
RIP=0x000000006636a3c5, EFLAGS=0x0000000000010202

Top of Stack: (sp=0x000000001ebcf510)
0x000000001ebcf510:   000000001e565800 000000001e565800
0x000000001ebcf520:   000000001ebcf5d8 00000000665678db
0x000000001ebcf530:   000000001e565800 000000006658413d
0x000000001ebcf540:   0000000000000000 0000000065e69149
0x000000001ebcf550:   00000000211ef1a0 0000000065e72912
0x000000001ebcf560:   000000001e565800 0000000000000000
0x000000001ebcf570:   0000000000000000 0000000000000000
0x000000001ebcf580:   0000000000000008 0000000065e71a09
0x000000001ebcf590:   000000001ebcf628 000000001ebcf600
0x000000001ebcf5a0:   0000000000000001 00000000211ef1a0
0x000000001ebcf5b0:   0000000000000008 0000000065e553b3
0x000000001ebcf5c0:   000000001ebcf6f0 0000000000000001
0x000000001ebcf5d0:   0000000000000001 00000000211ef1a0
0x000000001ebcf5e0:   000000000000000a 0000000000000000
0x000000001ebcf5f0:   0000000000000000 0000000000000000
0x000000001ebcf600:   0000000000000001 0000000065e55571 

Instructions: (pc=0x000000006636a3c5)
0x000000006636a3a5:   cc cc cc cc cc cc cc cc cc cc cc 48 83 ec 28 48
0x000000006636a3b5:   85 c9 75 07 33 c0 48 83 c4 28 c3 48 89 5c 24 20
0x000000006636a3c5:   48 8b 19 48 85 db 74 20 48 83 fb 37 74 1a 48 8b
0x000000006636a3d5:   13 48 8b cb ff 52 10 84 c0 74 0d 48 8b c3 48 8b 


Register to memory mapping:

RAX=0x000000001ebcf501 is pointing into the stack for thread: 0x000000001e565800
RBX=0x000000001e565800 is a thread
RCX=0x0000000000000008 is an unknown value
RDX=0x0000000000000000 is an unknown value
RSP=0x000000001ebcf510 is pointing into the stack for thread: 0x000000001e565800
RBP=0x0000000000000008 is an unknown value
RSI=0x000000001ebcf628 is pointing into the stack for thread: 0x000000001e565800
RDI=0x0000000002a183d0 is an unknown value
R8 =0x000000001e565800 is a thread
R9 =0x0000000000000001 is an unknown value
R10=0x0000000000008000 is an unknown value
R11=0x000000001ebcf460 is pointing into the stack for thread: 0x000000001e565800
R12=0x0000000000000000 is an unknown value
R13=0x000000001e56bf18 is an unknown value
R14=0x0000000000000000 is an unknown value
R15=0x0000000000000000 is an unknown value


Stack: [0x000000001ead0000,0x000000001ebd0000],  sp=0x000000001ebcf510,  free space=1021k
Native frames: (J=compiled Java code, j=interpreted, Vv=VM code, C=native code)
V  [jvm.dll+0x11a3c5]
V  [jvm.dll+0x33413d]
C  [jdwp.dll+0x21a09]
C  [jdwp.dll+0x53b3]
C  [jdwp.dll+0x5571]
C  [jdwp.dll+0xf09c]
C  [jdwp.dll+0x1f2c9]
C  [jdwp.dll+0x1f49e]
V  [jvm.dll+0x1abba8]
V  [jvm.dll+0x22bde4]
V  [jvm.dll+0x2852fa]
C  [msvcr100.dll+0x21d9f]
C  [msvcr100.dll+0x21e3b]
C  [KERNEL32.DLL+0x17034]
C  [ntdll.dll+0x52651]


---------------  P R O C E S S  ---------------

Java Threads: ( => current thread )
  0x000000002193a800 JavaThread "http-nio-80-exec-4" daemon [_thread_blocked, id=6816, stack(0x0000000025440000,0x0000000025540000)]
  0x000000002192f000 JavaThread "http-nio-80-exec-3" daemon [_thread_blocked, id=7332, stack(0x0000000025340000,0x0000000025440000)]
  0x0000000021935000 JavaThread "http-nio-80-exec-2" daemon [_thread_blocked, id=7028, stack(0x000000001ffa0000,0x00000000200a0000)]
  0x0000000021930800 JavaThread "http-nio-80-exec-1" daemon [_thread_blocked, id=6668, stack(0x0000000000980000,0x0000000000a80000)]
  0x0000000021937800 JavaThread "http-nio-80-Acceptor" daemon [_thread_in_native, id=10784, stack(0x0000000025240000,0x0000000025340000)]
  0x0000000021930000 JavaThread "http-nio-80-Poller" daemon [_thread_in_native, id=18148, stack(0x0000000025140000,0x0000000025240000)]
  0x0000000021933800 JavaThread "File Watcher" daemon [_thread_blocked, id=9092, stack(0x0000000025040000,0x0000000025140000)]
  0x0000000021936800 JavaThread "container-0" [_thread_blocked, id=7228, stack(0x0000000024f40000,0x0000000025040000)]
  0x0000000021931800 JavaThread "Catalina-utility-2" [_thread_blocked, id=12372, stack(0x0000000024c40000,0x0000000024d40000)]
  0x0000000021936000 JavaThread "Catalina-utility-1" [_thread_blocked, id=16036, stack(0x0000000023770000,0x0000000023870000)]
  0x0000000021933000 JavaThread "ForkJoinPool.commonPool-worker-7" daemon [_thread_blocked, id=13904, stack(0x00000000205a0000,0x00000000206a0000)]
  0x0000000021934800 JavaThread "ForkJoinPool.commonPool-worker-5" daemon [_thread_blocked, id=16804, stack(0x0000000000b80000,0x0000000000c80000)]
  0x0000000021932000 JavaThread "DestroyJavaVM" [_thread_blocked, id=9956, stack(0x00000000028a0000,0x00000000029a0000)]
  0x00000000216e9800 JavaThread "Live Reload Server" daemon [_thread_in_native, id=16964, stack(0x0000000023670000,0x0000000023770000)]
  0x00000000211a1800 JavaThread "mysql-cj-abandoned-connection-cleanup" daemon [_thread_blocked, id=2516, stack(0x00000000208a0000,0x00000000209a0000)]
  0x000000001f516000 JavaThread "RMI Scheduler(0)" daemon [_thread_blocked, id=11248, stack(0x00000000206a0000,0x00000000207a0000)]
  0x000000001effe800 JavaThread "RMI TCP Accept-0" daemon [_thread_in_native, id=10580, stack(0x000000001faf0000,0x000000001fbf0000)]
  0x000000001eeaa000 JavaThread "Service Thread" daemon [_thread_blocked, id=3464, stack(0x000000001f9d0000,0x000000001fad0000)]
  0x000000001edff800 JavaThread "C1 CompilerThread3" daemon [_thread_blocked, id=16996, stack(0x000000001f8d0000,0x000000001f9d0000)]
  0x000000001edfd000 JavaThread "C2 CompilerThread2" daemon [_thread_blocked, id=148, stack(0x000000001f7d0000,0x000000001f8d0000)]
  0x000000001edfa000 JavaThread "C2 CompilerThread1" daemon [_thread_blocked, id=6152, stack(0x000000001f6d0000,0x000000001f7d0000)]
  0x000000001edf3800 JavaThread "C2 CompilerThread0" daemon [_thread_blocked, id=13808, stack(0x000000001f5d0000,0x000000001f6d0000)]
  0x000000001e571000 JavaThread "JDWP Command Reader" daemon [_thread_in_native, id=10716, stack(0x000000001ecd0000,0x000000001edd0000)]
  0x000000001e56f000 JavaThread "JDWP Event Helper Thread" daemon [_thread_blocked, id=10556, stack(0x000000001ebd0000,0x000000001ecd0000)]
=>0x000000001e565800 JavaThread "JDWP Transport Listener: dt_socket" daemon [_thread_in_vm, id=8496, stack(0x000000001ead0000,0x000000001ebd0000)]
  0x000000001e50d000 JavaThread "Attach Listener" daemon [_thread_blocked, id=19168, stack(0x000000001e9d0000,0x000000001ead0000)]
  0x000000001e50c800 JavaThread "Signal Dispatcher" daemon [_thread_blocked, id=9744, stack(0x000000001e8d0000,0x000000001e9d0000)]
  0x0000000002b19800 JavaThread "Finalizer" daemon [_thread_blocked, id=5712, stack(0x000000001e3d0000,0x000000001e4d0000)]
  0x0000000002b18000 JavaThread "Reference Handler" daemon [_thread_blocked, id=2072, stack(0x000000001e2d0000,0x000000001e3d0000)]

Other Threads:
  0x000000001c4f7800 VMThread [stack: 0x000000001e1d0000,0x000000001e2d0000] [id=11396]
  0x000000001f005000 WatcherThread [stack: 0x000000001fbf0000,0x000000001fcf0000] [id=17352]

VM state:not at safepoint (normal execution)

VM Mutex/Monitor currently owned by a thread: None

Heap:
 PSYoungGen      total 236544K, used 130286K [0x000000076c180000, 0x000000077b580000, 0x00000007c0000000)
  eden space 231424K, 56% used [0x000000076c180000,0x00000007740bba80,0x000000077a380000)
  from space 5120K, 0% used [0x000000077a380000,0x000000077a380000,0x000000077a880000)
  to   space 9216K, 0% used [0x000000077ac80000,0x000000077ac80000,0x000000077b580000)
 ParOldGen       total 171520K, used 29131K [0x00000006c4400000, 0x00000006ceb80000, 0x000000076c180000)
  object space 171520K, 16% used [0x00000006c4400000,0x00000006c6072e88,0x00000006ceb80000)
 Metaspace       used 50998K, capacity 56074K, committed 56448K, reserved 1097728K
  class space    used 6529K, capacity 7426K, committed 7552K, reserved 1048576K

Card table byte_map: [0x0000000011fe0000,0x00000000127c0000] byte_map_base: 0x000000000e9be000

Marking Bits: (ParMarkBitMap*) 0x0000000066a2d490
 Begin Bits: [0x0000000013500000, 0x00000000173f0000)
 End Bits:   [0x00000000173f0000, 0x000000001b2e0000)

Polling page: 0x0000000000780000

CodeCache: size=245760Kb used=16715Kb max_used=16715Kb free=229044Kb
 bounds [0x0000000002c20000, 0x0000000003c80000, 0x0000000011c20000]
 total_blobs=8771 nmethods=8289 adapters=401
 compilation: enabled

Compilation events (10 events):
Event: 3894.213 Thread 0x000000001edff800 8370       1       java.nio.StringCharBuffer::<init> (56 bytes)
Event: 3894.213 Thread 0x000000001edff800 nmethod 8370 0x0000000003c73e50 code [0x0000000003c73fe0, 0x0000000003c742d8]
Event: 3894.213 Thread 0x000000001edff800 8371       1       java.nio.CharBuffer::<init> (12 bytes)
Event: 3894.213 Thread 0x000000001edff800 nmethod 8371 0x0000000003c74490 code [0x0000000003c745e0, 0x0000000003c74788]
Event: 3894.213 Thread 0x000000001edff800 8372       1       java.nio.charset.CharsetEncoder::encode (136 bytes)
Event: 3894.213 Thread 0x000000001edff800 nmethod 8372 0x0000000003c74850 code [0x0000000003c74a40, 0x0000000003c75178]
Event: 3894.213 Thread 0x000000001edff800 8369       1       org.thymeleaf.engine.TemplateModelController::skipBody (16 bytes)
Event: 3894.213 Thread 0x000000001edff800 nmethod 8369 0x0000000003c75710 code [0x0000000003c75860, 0x0000000003c75a30]
Event: 3894.213 Thread 0x000000001edff800 8373       1       java.nio.charset.CharsetEncoder::averageBytesPerChar (5 bytes)
Event: 3894.213 Thread 0x000000001edff800 nmethod 8373 0x0000000003c75b50 code [0x0000000003c75ca0, 0x0000000003c75db0]

GC Heap History (10 events):
Event: 3810.676 GC heap before
{Heap before GC invocations=44 (full 19):
 PSYoungGen      total 236544K, used 4857K [0x000000076c180000, 0x000000077b680000, 0x00000007c0000000)
  eden space 231424K, 0% used [0x000000076c180000,0x000000076c180000,0x000000077a380000)
  from space 5120K, 94% used [0x000000077a380000,0x000000077a83e5c0,0x000000077a880000)
  to   space 9728K, 0% used [0x000000077ad00000,0x000000077ad00000,0x000000077b680000)
 ParOldGen       total 171520K, used 27232K [0x00000006c4400000, 0x00000006ceb80000, 0x000000076c180000)
  object space 171520K, 15% used [0x00000006c4400000,0x00000006c5e981c0,0x00000006ceb80000)
 Metaspace       used 49671K, capacity 54600K, committed 54912K, reserved 1097728K
  class space    used 6411K, capacity 7212K, committed 7296K, reserved 1048576K
Event: 3810.784 GC heap after
Heap after GC invocations=44 (full 19):
 PSYoungGen      total 236544K, used 0K [0x000000076c180000, 0x000000077b680000, 0x00000007c0000000)
  eden space 231424K, 0% used [0x000000076c180000,0x000000076c180000,0x000000077a380000)
  from space 5120K, 0% used [0x000000077a380000,0x000000077a380000,0x000000077a880000)
  to   space 9728K, 0% used [0x000000077ad00000,0x000000077ad00000,0x000000077b680000)
 ParOldGen       total 171520K, used 27814K [0x00000006c4400000, 0x00000006ceb80000, 0x000000076c180000)
  object space 171520K, 16% used [0x00000006c4400000,0x00000006c5f29b90,0x00000006ceb80000)
 Metaspace       used 49650K, capacity 54564K, committed 54912K, reserved 1097728K
  class space    used 6408K, capacity 7205K, committed 7296K, reserved 1048576K
}
Event: 3813.603 GC heap before
{Heap before GC invocations=45 (full 19):
 PSYoungGen      total 236544K, used 126853K [0x000000076c180000, 0x000000077b680000, 0x00000007c0000000)
  eden space 231424K, 54% used [0x000000076c180000,0x0000000773d61660,0x000000077a380000)
  from space 5120K, 0% used [0x000000077a380000,0x000000077a380000,0x000000077a880000)
  to   space 9728K, 0% used [0x000000077ad00000,0x000000077ad00000,0x000000077b680000)
 ParOldGen       total 171520K, used 27814K [0x00000006c4400000, 0x00000006ceb80000, 0x000000076c180000)
  object space 171520K, 16% used [0x00000006c4400000,0x00000006c5f29b90,0x00000006ceb80000)
 Metaspace       used 50119K, capacity 55136K, committed 55168K, reserved 1097728K
  class space    used 6453K, capacity 7284K, committed 7296K, reserved 1048576K
Event: 3813.606 GC heap after
Heap after GC invocations=45 (full 19):
 PSYoungGen      total 241152K, used 4963K [0x000000076c180000, 0x000000077b680000, 0x00000007c0000000)
  eden space 231424K, 0% used [0x000000076c180000,0x000000076c180000,0x000000077a380000)
  from space 9728K, 51% used [0x000000077ad00000,0x000000077b1d8cb8,0x000000077b680000)
  to   space 9728K, 0% used [0x000000077a380000,0x000000077a380000,0x000000077ad00000)
 ParOldGen       total 171520K, used 27822K [0x00000006c4400000, 0x00000006ceb80000, 0x000000076c180000)
  object space 171520K, 16% used [0x00000006c4400000,0x00000006c5f2bb90,0x00000006ceb80000)
 Metaspace       used 50119K, capacity 55136K, committed 55168K, reserved 1097728K
  class space    used 6453K, capacity 7284K, committed 7296K, reserved 1048576K
}
Event: 3813.606 GC heap before
{Heap before GC invocations=46 (full 20):
 PSYoungGen      total 241152K, used 4963K [0x000000076c180000, 0x000000077b680000, 0x00000007c0000000)
  eden space 231424K, 0% used [0x000000076c180000,0x000000076c180000,0x000000077a380000)
  from space 9728K, 51% used [0x000000077ad00000,0x000000077b1d8cb8,0x000000077b680000)
  to   space 9728K, 0% used [0x000000077a380000,0x000000077a380000,0x000000077ad00000)
 ParOldGen       total 171520K, used 27822K [0x00000006c4400000, 0x00000006ceb80000, 0x000000076c180000)
  object space 171520K, 16% used [0x00000006c4400000,0x00000006c5f2bb90,0x00000006ceb80000)
 Metaspace       used 50119K, capacity 55136K, committed 55168K, reserved 1097728K
  class space    used 6453K, capacity 7284K, committed 7296K, reserved 1048576K
Event: 3813.746 GC heap after
Heap after GC invocations=46 (full 20):
 PSYoungGen      total 241152K, used 0K [0x000000076c180000, 0x000000077b680000, 0x00000007c0000000)
  eden space 231424K, 0% used [0x000000076c180000,0x000000076c180000,0x000000077a380000)
  from space 9728K, 0% used [0x000000077ad00000,0x000000077ad00000,0x000000077b680000)
  to   space 9728K, 0% used [0x000000077a380000,0x000000077a380000,0x000000077ad00000)
 ParOldGen       total 171520K, used 28542K [0x00000006c4400000, 0x00000006ceb80000, 0x000000076c180000)
  object space 171520K, 16% used [0x00000006c4400000,0x00000006c5fdfb50,0x00000006ceb80000)
 Metaspace       used 50098K, capacity 55100K, committed 55168K, reserved 1097728K
  class space    used 6450K, capacity 7277K, committed 7296K, reserved 1048576K
}
Event: 3886.673 GC heap before
{Heap before GC invocations=47 (full 20):
 PSYoungGen      total 241152K, used 133493K [0x000000076c180000, 0x000000077b680000, 0x00000007c0000000)
  eden space 231424K, 57% used [0x000000076c180000,0x00000007743dd4c0,0x000000077a380000)
  from space 9728K, 0% used [0x000000077ad00000,0x000000077ad00000,0x000000077b680000)
  to   space 9728K, 0% used [0x000000077a380000,0x000000077a380000,0x000000077ad00000)
 ParOldGen       total 171520K, used 28542K [0x00000006c4400000, 0x00000006ceb80000, 0x000000076c180000)
  object space 171520K, 16% used [0x00000006c4400000,0x00000006c5fdfb50,0x00000006ceb80000)
 Metaspace       used 50575K, capacity 55640K, committed 55808K, reserved 1097728K
  class space    used 6497K, capacity 7388K, committed 7424K, reserved 1048576K
Event: 3886.675 GC heap after
Heap after GC invocations=47 (full 20):
 PSYoungGen      total 236544K, used 4910K [0x000000076c180000, 0x000000077b580000, 0x00000007c0000000)
  eden space 231424K, 0% used [0x000000076c180000,0x000000076c180000,0x000000077a380000)
  from space 5120K, 95% used [0x000000077a380000,0x000000077a84b848,0x000000077a880000)
  to   space 9216K, 0% used [0x000000077ac80000,0x000000077ac80000,0x000000077b580000)
 ParOldGen       total 171520K, used 28550K [0x00000006c4400000, 0x00000006ceb80000, 0x000000076c180000)
  object space 171520K, 16% used [0x00000006c4400000,0x00000006c5fe1b50,0x00000006ceb80000)
 Metaspace       used 50575K, capacity 55640K, committed 55808K, reserved 1097728K
  class space    used 6497K, capacity 7388K, committed 7424K, reserved 1048576K
}
Event: 3886.675 GC heap before
{Heap before GC invocations=48 (full 21):
 PSYoungGen      total 236544K, used 4910K [0x000000076c180000, 0x000000077b580000, 0x00000007c0000000)
  eden space 231424K, 0% used [0x000000076c180000,0x000000076c180000,0x000000077a380000)
  from space 5120K, 95% used [0x000000077a380000,0x000000077a84b848,0x000000077a880000)
  to   space 9216K, 0% used [0x000000077ac80000,0x000000077ac80000,0x000000077b580000)
 ParOldGen       total 171520K, used 28550K [0x00000006c4400000, 0x00000006ceb80000, 0x000000076c180000)
  object space 171520K, 16% used [0x00000006c4400000,0x00000006c5fe1b50,0x00000006ceb80000)
 Metaspace       used 50575K, capacity 55640K, committed 55808K, reserved 1097728K
  class space    used 6497K, capacity 7388K, committed 7424K, reserved 1048576K
Event: 3886.756 GC heap after
Heap after GC invocations=48 (full 21):
 PSYoungGen      total 236544K, used 0K [0x000000076c180000, 0x000000077b580000, 0x00000007c0000000)
  eden space 231424K, 0% used [0x000000076c180000,0x000000076c180000,0x000000077a380000)
  from space 5120K, 0% used [0x000000077a380000,0x000000077a380000,0x000000077a880000)
  to   space 9216K, 0% used [0x000000077ac80000,0x000000077ac80000,0x000000077b580000)
 ParOldGen       total 171520K, used 29131K [0x00000006c4400000, 0x00000006ceb80000, 0x000000076c180000)
  object space 171520K, 16% used [0x00000006c4400000,0x00000006c6072e88,0x00000006ceb80000)
 Metaspace       used 50553K, capacity 55604K, committed 55808K, reserved 1097728K
  class space    used 6493K, capacity 7381K, committed 7424K, reserved 1048576K
}

Deoptimization events (0 events):
No events

Internal exceptions (10 events):
Event: 3887.318 Thread 0x000000002192f000 Exception <a 'java/security/PrivilegedActionException'> (0x00000007733ddf60) thrown at [D:\re\workspace\8-2-build-windows-amd64-cygwin\jdk8u25\1677\hotspot\src\share\vm\prims\jvm.cpp, line 1312]
Event: 3887.318 Thread 0x000000002192f000 Exception <a 'java/security/PrivilegedActionException'> (0x00000007733e3b60) thrown at [D:\re\workspace\8-2-build-windows-amd64-cygwin\jdk8u25\1677\hotspot\src\share\vm\prims\jvm.cpp, line 1312]
Event: 3887.318 Thread 0x000000002192f000 Exception <a 'java/security/PrivilegedActionException'> (0x00000007733e45f8) thrown at [D:\re\workspace\8-2-build-windows-amd64-cygwin\jdk8u25\1677\hotspot\src\share\vm\prims\jvm.cpp, line 1312]
Event: 3887.318 Thread 0x000000002192f000 Exception <a 'java/security/PrivilegedActionException'> (0x00000007733ea1e8) thrown at [D:\re\workspace\8-2-build-windows-amd64-cygwin\jdk8u25\1677\hotspot\src\share\vm\prims\jvm.cpp, line 1312]
Event: 3887.318 Thread 0x000000002192f000 Exception <a 'java/security/PrivilegedActionException'> (0x00000007733eabf0) thrown at [D:\re\workspace\8-2-build-windows-amd64-cygwin\jdk8u25\1677\hotspot\src\share\vm\prims\jvm.cpp, line 1312]
Event: 3887.318 Thread 0x000000002192f000 Exception <a 'java/security/PrivilegedActionException'> (0x00000007733f3648) thrown at [D:\re\workspace\8-2-build-windows-amd64-cygwin\jdk8u25\1677\hotspot\src\share\vm\prims\jvm.cpp, line 1312]
Event: 3887.318 Thread 0x000000002192f000 Exception <a 'java/security/PrivilegedActionException'> (0x00000007733f42c8) thrown at [D:\re\workspace\8-2-build-windows-amd64-cygwin\jdk8u25\1677\hotspot\src\share\vm\prims\jvm.cpp, line 1312]
Event: 3887.318 Thread 0x000000002192f000 Exception <a 'java/security/PrivilegedActionException'> (0x00000007733fcd00) thrown at [D:\re\workspace\8-2-build-windows-amd64-cygwin\jdk8u25\1677\hotspot\src\share\vm\prims\jvm.cpp, line 1312]
Event: 3887.322 Thread 0x000000002192f000 Exception <a 'java/lang/ArrayIndexOutOfBoundsException'> (0x00000007734af9b0) thrown at [D:\re\workspace\8-2-build-windows-amd64-cygwin\jdk8u25\1677\hotspot\src\share\vm\runtime\sharedRuntime.cpp, line 604]
Event: 3887.322 Thread 0x000000002192f000 Exception <a 'java/lang/ArrayIndexOutOfBoundsException'> (0x00000007734c8400) thrown at [D:\re\workspace\8-2-build-windows-amd64-cygwin\jdk8u25\1677\hotspot\src\share\vm\runtime\sharedRuntime.cpp, line 604]

Events (10 events):
Event: 3897.209 Executing VM operation: RevokeBias done
Event: 3897.209 Thread 0x000000002192e800 Thread exited: 0x000000002192e800
Event: 3897.287 Executing VM operation: RevokeBias
Event: 3897.287 Executing VM operation: RevokeBias done
Event: 3897.287 Executing VM operation: RevokeBias
Event: 3897.287 Executing VM operation: RevokeBias done
Event: 3897.287 Executing VM operation: RevokeBias
Event: 3897.287 Executing VM operation: RevokeBias done
Event: 3897.287 Executing VM operation: RevokeBias
Event: 3897.287 Executing VM operation: RevokeBias done


Dynamic libraries:
0x00007ff78b2a0000 - 0x00007ff78b2d4000 	D:\Java\jdk1.8.0_25\bin\java.exe
0x00007ffc91450000 - 0x00007ffc91645000 	C:\WINDOWS\SYSTEM32\ntdll.dll
0x00007ffc91160000 - 0x00007ffc9121d000 	C:\WINDOWS\System32\KERNEL32.DLL
0x00007ffc8edc0000 - 0x00007ffc8f089000 	C:\WINDOWS\System32\KERNELBASE.dll
0x00007ffc91360000 - 0x00007ffc9140c000 	C:\WINDOWS\System32\ADVAPI32.dll
0x00007ffc8fe50000 - 0x00007ffc8feee000 	C:\WINDOWS\System32\msvcrt.dll
0x00007ffc90e90000 - 0x00007ffc90f2b000 	C:\WINDOWS\System32\sechost.dll
0x00007ffc90bb0000 - 0x00007ffc90cda000 	C:\WINDOWS\System32\RPCRT4.dll
0x00007ffc90f30000 - 0x00007ffc910d0000 	C:\WINDOWS\System32\USER32.dll
0x00007ffc8f1a0000 - 0x00007ffc8f1c2000 	C:\WINDOWS\System32\win32u.dll
0x00007ffc8f540000 - 0x00007ffc8f56a000 	C:\WINDOWS\System32\GDI32.dll
0x00007ffc8f090000 - 0x00007ffc8f19b000 	C:\WINDOWS\System32\gdi32full.dll
0x00007ffc8f1d0000 - 0x00007ffc8f26d000 	C:\WINDOWS\System32\msvcp_win.dll
0x00007ffc8ecc0000 - 0x00007ffc8edc0000 	C:\WINDOWS\System32\ucrtbase.dll
0x00007ffc8df90000 - 0x00007ffc8e22a000 	C:\WINDOWS\WinSxS\amd64_microsoft.windows.common-controls_6595b64144ccf1df_6.0.19041.1110_none_60b5254171f9507e\COMCTL32.dll
0x00007ffc8f510000 - 0x00007ffc8f540000 	C:\WINDOWS\System32\IMM32.DLL
0x0000000066ab0000 - 0x0000000066b82000 	D:\Java\jdk1.8.0_25\jre\bin\msvcr100.dll
0x0000000066250000 - 0x0000000066aaa000 	D:\Java\jdk1.8.0_25\jre\bin\server\jvm.dll
0x00007ffc90d00000 - 0x00007ffc90d08000 	C:\WINDOWS\System32\PSAPI.DLL
0x00007ffc8d0c0000 - 0x00007ffc8d0c9000 	C:\WINDOWS\SYSTEM32\WSOCK32.dll
0x00007ffc8f570000 - 0x00007ffc8f5db000 	C:\WINDOWS\System32\WS2_32.dll
0x00007ffc76af0000 - 0x00007ffc76b17000 	C:\WINDOWS\SYSTEM32\WINMM.dll
0x0000000066240000 - 0x000000006624f000 	D:\Java\jdk1.8.0_25\jre\bin\verify.dll
0x0000000066210000 - 0x0000000066238000 	D:\Java\jdk1.8.0_25\jre\bin\java.dll
0x0000000065e50000 - 0x0000000065e85000 	D:\Java\jdk1.8.0_25\jre\bin\jdwp.dll
0x0000000065e40000 - 0x0000000065e48000 	D:\Java\jdk1.8.0_25\jre\bin\npt.dll
0x0000000065e10000 - 0x0000000065e33000 	D:\Java\jdk1.8.0_25\jre\bin\instrument.dll
0x00000000661f0000 - 0x0000000066206000 	D:\Java\jdk1.8.0_25\jre\bin\zip.dll
0x00007ffc90470000 - 0x00007ffc90baf000 	C:\WINDOWS\System32\SHELL32.dll
0x00007ffc8bd90000 - 0x00007ffc8c520000 	C:\WINDOWS\SYSTEM32\windows.storage.dll
0x00007ffc90110000 - 0x00007ffc90465000 	C:\WINDOWS\System32\combase.dll
0x00007ffc8def0000 - 0x00007ffc8df1c000 	C:\WINDOWS\SYSTEM32\Wldp.dll
0x00007ffc8fb90000 - 0x00007ffc8fc3e000 	C:\WINDOWS\System32\SHCORE.dll
0x00007ffc90e30000 - 0x00007ffc90e85000 	C:\WINDOWS\System32\shlwapi.dll
0x00007ffc8eac0000 - 0x00007ffc8eadf000 	C:\WINDOWS\SYSTEM32\profapi.dll
0x0000000065e00000 - 0x0000000065e09000 	D:\Java\jdk1.8.0_25\jre\bin\dt_socket.dll
0x00007ffc8db10000 - 0x00007ffc8db7a000 	C:\WINDOWS\system32\mswsock.dll
0x00000000661d0000 - 0x00000000661ea000 	D:\Java\jdk1.8.0_25\jre\bin\net.dll
0x00007ffc8d960000 - 0x00007ffc8da2c000 	C:\WINDOWS\SYSTEM32\DNSAPI.dll
0x00007ffc8d920000 - 0x00007ffc8d95b000 	C:\WINDOWS\SYSTEM32\IPHLPAPI.DLL
0x00007ffc8fd10000 - 0x00007ffc8fd18000 	C:\WINDOWS\System32\NSI.dll
0x00007ffc83e20000 - 0x00007ffc83e2a000 	C:\Windows\System32\rasadhlp.dll
0x00007ffc82ff0000 - 0x00007ffc8306f000 	C:\WINDOWS\System32\fwpuclnt.dll
0x00007ffc8f320000 - 0x00007ffc8f347000 	C:\WINDOWS\System32\bcrypt.dll
0x0000000065df0000 - 0x0000000065dfd000 	D:\Java\jdk1.8.0_25\jre\bin\management.dll
0x00000000661b0000 - 0x00000000661c1000 	D:\Java\jdk1.8.0_25\jre\bin\nio.dll
0x00007ffc8e900000 - 0x00007ffc8e918000 	C:\WINDOWS\SYSTEM32\CRYPTSP.dll
0x00007ffc8d5d0000 - 0x00007ffc8d604000 	C:\WINDOWS\system32\rsaenh.dll
0x00007ffc8ea40000 - 0x00007ffc8ea6e000 	C:\WINDOWS\SYSTEM32\USERENV.dll
0x00007ffc8eb80000 - 0x00007ffc8ec03000 	C:\WINDOWS\System32\bcryptprimitives.dll
0x00007ffc8dd30000 - 0x00007ffc8dd3c000 	C:\WINDOWS\SYSTEM32\CRYPTBASE.dll
0x00007ffc854a0000 - 0x00007ffc854b7000 	C:\WINDOWS\SYSTEM32\dhcpcsvc6.DLL
0x00007ffc85460000 - 0x00007ffc8547d000 	C:\WINDOWS\SYSTEM32\dhcpcsvc.DLL
0x00007ffc72960000 - 0x00007ffc72977000 	C:\WINDOWS\system32\napinsp.dll
0x00007ffc72740000 - 0x00007ffc7275b000 	C:\WINDOWS\system32\pnrpnsp.dll
0x00007ffc89470000 - 0x00007ffc8948d000 	C:\WINDOWS\system32\NLAapi.dll
0x00007ffc726c0000 - 0x00007ffc726d5000 	C:\WINDOWS\system32\wshbth.dll
0x00007ffc726a0000 - 0x00007ffc726b2000 	C:\WINDOWS\System32\winrnr.dll
0x0000000065dc0000 - 0x0000000065de4000 	D:\Java\jdk1.8.0_25\jre\bin\sunec.dll
0x00007ffc8e5a0000 - 0x00007ffc8e784000 	C:\WINDOWS\SYSTEM32\dbghelp.dll

VM Arguments:
jvm_args: -agentlib:jdwp=transport=dt_socket,address=127.0.0.1:6564,suspend=y,server=n -XX:TieredStopAtLevel=1 -Xverify:none -Dspring.output.ansi.enabled=always -javaagent:C:\Users\LeDao\AppData\Local\JetBrains\IntelliJIdea2021.1\captureAgent\debugger-agent.jar -Dcom.sun.management.jmxremote -Dspring.jmx.enabled=true -Dspring.liveBeansView.mbeanDomain -Dspring.application.admin.enabled=true -Dfile.encoding=UTF-8 
java_command: com.ledao.ShiroDemoApplication
java_class_path (initial): D:\Java\jdk1.8.0_25\jre\lib\charsets.jar;D:\Java\jdk1.8.0_25\jre\lib\deploy.jar;D:\Java\jdk1.8.0_25\jre\lib\ext\access-bridge-64.jar;D:\Java\jdk1.8.0_25\jre\lib\ext\cldrdata.jar;D:\Java\jdk1.8.0_25\jre\lib\ext\dnsns.jar;D:\Java\jdk1.8.0_25\jre\lib\ext\jaccess.jar;D:\Java\jdk1.8.0_25\jre\lib\ext\jfxrt.jar;D:\Java\jdk1.8.0_25\jre\lib\ext\localedata.jar;D:\Java\jdk1.8.0_25\jre\lib\ext\nashorn.jar;D:\Java\jdk1.8.0_25\jre\lib\ext\sunec.jar;D:\Java\jdk1.8.0_25\jre\lib\ext\sunjce_provider.jar;D:\Java\jdk1.8.0_25\jre\lib\ext\sunmscapi.jar;D:\Java\jdk1.8.0_25\jre\lib\ext\sunpkcs11.jar;D:\Java\jdk1.8.0_25\jre\lib\ext\zipfs.jar;D:\Java\jdk1.8.0_25\jre\lib\javaws.jar;D:\Java\jdk1.8.0_25\jre\lib\jce.jar;D:\Java\jdk1.8.0_25\jre\lib\jfr.jar;D:\Java\jdk1.8.0_25\jre\lib\jfxswt.jar;D:\Java\jdk1.8.0_25\jre\lib\jsse.jar;D:\Java\jdk1.8.0_25\jre\lib\management-agent.jar;D:\Java\jdk1.8.0_25\jre\lib\plugin.jar;D:\Java\jdk1.8.0_25\jre\lib\resources.jar;D:\Java\jdk1.8.0_25\jre\lib\rt.jar;E:\MyProject\IDEA\Practice\ShiroDemo\target\classes;D:\Java\apache-maven-3.8.1-bin\apache-maven-3.8.1\repository\com\baomidou\mybatis-plus-boot-starter\3.3.2\mybatis-plus-boot-starter-3.3.2.jar;D:\Java\apache-maven-3.8.1-bin\apache-maven-3.8.1\repository\com\baomidou\mybatis-plus\3.3.2\mybatis-plus-3.3.2.jar;D:\Java\apache-maven-3.8.1-bin\apache-maven-3.8.1\repository\com\baomidou\mybatis-plus-extension\3.3.2\mybatis-plus-extension-3.3.2.jar;D:\Java\apache-maven-3.8.1-bin\apache-maven-3.8.1\repository\com\baomidou\mybatis-plus-core\3.3.2\mybatis-plus-core-3.3.2.jar;D:\Java\apache-maven-3.8.1-bin\apache-maven-3.8.1\repository\com\baomidou\mybatis-plus-annotation\3.3.2\mybatis-plus-annotation-3.3.2.jar;D:\Java\apache-maven-3.8.1-bin\apache-maven-3.8.1\repository\com\github\jsqlparser\jsqlparser\3.1\jsqlparser-3.1.jar;D:\Java\apache-maven-3.8.1-bin\apache-maven-3.8.1\repository\org\mybatis\mybatis\3.5.4\mybatis-3.5.4.jar;D:\Java\apache-maven-3.8.1-bin\apache-maven-3.8.1\repository\o
Launcher Type: SUN_STANDARD

Environment Variables:
JAVA_HOME=D:\Java\jdk1.8.0_25
CLASSPATH=.;D:\Java\jdk1.8.0_25\lib\dt.jar;D:\Java\jdk1.8.0_25\lib\tools.jar;
PATH=C:\ProgramData\Oracle\Java\javapath;C:\Windows\system32;C:\Windows;C:\Windows\System32\Wbem;C:\Windows\System32\WindowsPowerShell\v1.0\;C:\Windows\System32\OpenSSH\;C:\Program Files\NVIDIA Corporation\NVIDIA NvDLISR;C:\WINDOWS\system32;C:\WINDOWS;C:\WINDOWS\System32\Wbem;C:\WINDOWS\System32\WindowsPowerShell\v1.0\;C:\WINDOWS\System32\OpenSSH\;D:\Git\cmd;D:\Java\jdk1.8.0_25\bin;D:\Java\jre1.8.0_25\bin;D:\Java\apache-maven-3.8.1-bin\apache-maven-3.8.1\bin;D:\nodejs\;D:\nodejs\node_global;D:\XShell7\;D:\Xftp7\;C:\Users\LeDao\AppData\Local\Programs\Python\Python39\Scripts\;C:\Users\LeDao\AppData\Local\Programs\Python\Python39\;C:\Users\LeDao\AppData\Local\Microsoft\WindowsApps;C:\Users\LeDao\AppData\Roaming\npm;D:\Microsoft VS Code\bin
USERNAME=LeDao
OS=Windows_NT
PROCESSOR_IDENTIFIER=Intel64 Family 6 Model 140 Stepping 1, GenuineIntel



---------------  S Y S T E M  ---------------

OS: Windows 8.1 , 64 bit Build 9600 

CPU:total 8 (4 cores per cpu, 2 threads per core) family 6 model 140 stepping 1, cmov, cx8, fxsr, mmx, sse, sse2, sse3, ssse3, sse4.1, sse4.2, popcnt, avx, avx2, aes, clmul, erms, lzcnt, ht, tsc, tscinvbit, bmi1, bmi2

Memory: 4k page, physical 16493352k(6924892k free), swap 19770152k(5852700k free)

vm_info: Java HotSpot(TM) 64-Bit Server VM (25.25-b02) for windows-amd64 JRE (1.8.0_25-b18), built on Oct  7 2014 14:25:37 by "java_re" with MS VC++ 10.0 (VS2010)

time: Thu Sep 16 20:44:41 2021
elapsed time: 3900 seconds (0d 1h 5m 0s)

